<?xml version="1.0" encoding="UTF-8" ?>
<testsuite tests="11" failures="0" name="org.springframework.samples.petclinic.service.ClinicServiceSpringDataJpaTests" time="0.768" errors="0" skipped="0">
  <properties>
[...]
</properties>
  <testcase classname="org.springframework.samples.petclinic.service.ClinicServiceSpringDataJpaTests" name="shouldFindVets" time="0.076"/>
  <testcase classname="org.springframework.samples.petclinic.service.ClinicServiceSpringDataJpaTests" name="shouldFindOwnersByLastName" time="0.078"/>
  <testcase classname="org.springframework.samples.petclinic.service.ClinicServiceSpringDataJpaTests" name="shouldAddNewVisitForPet" time="0.139"/>
  <testcase classname="org.springframework.samples.petclinic.service.ClinicServiceSpringDataJpaTests" name="shouldUpdateOwner" time="0.097"/>
  <testcase classname="org.springframework.samples.petclinic.service.ClinicServiceSpringDataJpaTests" name="shouldFindVisitsByPetId" time="0.151"/>
  <testcase classname="org.springframework.samples.petclinic.service.ClinicServiceSpringDataJpaTests" name="shouldInsertPetIntoDatabaseAndGenerateId" time="0.11"/>
  <testcase classname="org.springframework.samples.petclinic.service.ClinicServiceSpringDataJpaTests" name="shouldInsertOwner" time="0.019"/>
  <testcase classname="org.springframework.samples.petclinic.service.ClinicServiceSpringDataJpaTests" name="shouldFindSingleOwnerWithPet" time="0.001"/>
  <testcase classname="org.springframework.samples.petclinic.service.ClinicServiceSpringDataJpaTests" name="shouldUpdatePetName" time="0.057"/>
  <testcase classname="org.springframework.samples.petclinic.service.ClinicServiceSpringDataJpaTests" name="shouldFindAllPetTypes" time="0.012"/>
  <testcase classname="org.springframework.samples.petclinic.service.ClinicServiceSpringDataJpaTests" name="shouldFindPetWithCorrectId" time="0.028"/>
</testsuite>